21:41:55.017 skipping bootstrap configuration: could not find or read file: classpath:karate-config.js
21:41:56.590 request:
1 > POST http://127.0.0.1:8900/user
1 > Accept: application/json
1 > Accept-Encoding: gzip,deflate
1 > Connection: Keep-Alive
1 > Content-Length: 45
1 > Content-Type: application/json; charset=UTF-8
1 > Host: 127.0.0.1:8900
1 > User-Agent: Apache-HttpClient/4.5.12 (Java/1.8.0_281)
{"name":"Ramiro","email":"Ramiro@ramiro.ra1"}

21:41:56.663 response time in milliseconds: 70.70
1 < 201
1 < Content-Type: application/json;charset=UTF-8
1 < Date: Mon, 12 Apr 2021 19:41:56 GMT
1 < Transfer-Encoding: chunked
{"email":"Ramiro@ramiro.ra1","name":"Ramiro","id":"Ramiro@ramiro.ra1-0.9778002246068846","bookings":[]}

21:41:56.952 request:
1 > POST http://127.0.0.1:8900/booking
1 > Accept: application/json
1 > Accept-Encoding: gzip,deflate
1 > Connection: Keep-Alive
1 > Content-Length: 99
1 > Content-Type: application/json; charset=UTF-8
1 > Host: 127.0.0.1:8900
1 > User-Agent: Apache-HttpClient/4.5.12 (Java/1.8.0_281)
{"date":"2021-05-15","destination":"JFK","id":"Elvera@elvera.el1-0.662559217936996","origin":"MAD"}

21:41:56.977 response time in milliseconds: 16.95
1 < 201
1 < Content-Type: application/json;charset=UTF-8
1 < Date: Mon, 12 Apr 2021 19:41:56 GMT
1 < Transfer-Encoding: chunked
{"idBooking":"MAD-JFK-0.8149881238417543","idUser":"Elvera@elvera.el1-0.662559217936996","origin":"MAD","destination":"JFK","date":"2021-05-15"}

21:41:56.989 request:
2 > GET http://127.0.0.1:8900/booking?id=Elvera%40elvera.el1-0.662559217936996&date=
2 > Accept: application/json
2 > Accept-Encoding: gzip,deflate
2 > Connection: Keep-Alive
2 > Content-Type: application/json
2 > Host: 127.0.0.1:8900
2 > User-Agent: Apache-HttpClient/4.5.12 (Java/1.8.0_281)

21:41:57.004 response time in milliseconds: 9.62
2 < 200
2 < Content-Type: application/json;charset=UTF-8
2 < Date: Mon, 12 Apr 2021 19:41:56 GMT
2 < Transfer-Encoding: chunked
[{"idBooking":"MAD-JFK-0.8149881238417543","idUser":"Elvera@elvera.el1-0.662559217936996","origin":"MAD","destination":"JFK","date":"2021-05-15"},{"idBooking":"JFK-MAD-0.948095316747056","idUser":"Elvera@elvera.el1-0.662559217936996","origin":"JFK","destination":"MAD","date":"2021-05-25"}]

21:41:57.005 [print] [
  {
    "idUser": "Elvera@elvera.el1-0.662559217936996",
    "date": "2021-05-15",
    "idBooking": "MAD-JFK-0.8149881238417543",
    "origin": "MAD",
    "destination": "JFK"
  },
  {
    "idUser": "Elvera@elvera.el1-0.662559217936996",
    "date": "2021-05-25",
    "idBooking": "JFK-MAD-0.948095316747056",
    "origin": "JFK",
    "destination": "MAD"
  }
]

21:41:57.021 request:
1 > POST http://127.0.0.1:8900/user
1 > Accept: application/json
1 > Accept-Encoding: gzip,deflate
1 > Connection: Keep-Alive
1 > Content-Length: 45
1 > Content-Type: application/json; charset=UTF-8
1 > Host: 127.0.0.1:8900
1 > User-Agent: Apache-HttpClient/4.5.12 (Java/1.8.0_281)
{"email":"german@karate.com","name":"German"}

21:41:57.041 response time in milliseconds: 18.21
1 < 201
1 < Content-Type: application/json;charset=UTF-8
1 < Date: Mon, 12 Apr 2021 19:41:56 GMT
1 < Transfer-Encoding: chunked
{"email":"german@karate.com","name":"German","id":"german@karate.com-0.7989590221491606","bookings":[]}

21:41:57.048 [print] german@karate.com
21:41:57.059 [print] German
21:41:57.098 skipping bootstrap configuration: could not find or read file: classpath:karate-config.js
21:41:57.161 request:
1 > GET http://127.0.0.1:8900/user?id=aabbcc
1 > Accept: application/json
1 > Accept-Encoding: gzip,deflate
1 > Connection: Keep-Alive
1 > Content-Type: application/json
1 > Host: 127.0.0.1:8900
1 > User-Agent: Apache-HttpClient/4.5.12 (Java/1.8.0_281)

21:41:57.266 response time in milliseconds: 105.22
1 < 404
1 < Content-Length: 14
1 < Content-Type: application/json;charset=UTF-8
1 < Date: Mon, 12 Apr 2021 19:41:56 GMT
User not found

21:41:57.267 [print] User not found
21:41:57.282 skipping bootstrap configuration: could not find or read file: classpath:karate-config.js
21:41:57.287 request:
1 > GET http://127.0.0.1:8900/booking?id=pepe%40pepe.pe1-0.1&date=
1 > Accept: application/json
1 > Accept-Encoding: gzip,deflate
1 > Connection: Keep-Alive
1 > Content-Type: application/json
1 > Host: 127.0.0.1:8900
1 > User-Agent: Apache-HttpClient/4.5.12 (Java/1.8.0_281)

21:41:57.408 response time in milliseconds: 120.11
1 < 200
1 < Content-Type: application/json;charset=UTF-8
1 < Date: Mon, 12 Apr 2021 19:41:56 GMT
1 < Transfer-Encoding: chunked
[]

21:41:57.418 [print] [
]

21:41:57.432 skipping bootstrap configuration: could not find or read file: classpath:karate-config.js
21:41:57.440 request:
1 > GET http://127.0.0.1:8900/booking?id=123&date=2020-05-05
1 > Accept: application/json
1 > Accept-Encoding: gzip,deflate
1 > Connection: Keep-Alive
1 > Content-Type: application/json
1 > Host: 127.0.0.1:8900
1 > User-Agent: Apache-HttpClient/4.5.12 (Java/1.8.0_281)

21:41:57.460 response time in milliseconds: 17.66
1 < 200
1 < Content-Type: application/json;charset=UTF-8
1 < Date: Mon, 12 Apr 2021 19:41:56 GMT
1 < Transfer-Encoding: chunked
[]

21:41:57.460 [print] [
]

21:41:57.480 skipping bootstrap configuration: could not find or read file: classpath:karate-config.js
21:41:57.648 request:
1 > POST http://127.0.0.1:8900/user
1 > Accept: application/json
1 > Accept-Encoding: gzip,deflate
1 > Connection: Keep-Alive
1 > Content-Length: 42
1 > Content-Type: application/json; charset=UTF-8
1 > Host: 127.0.0.1:8900
1 > User-Agent: Apache-HttpClient/4.5.12 (Java/1.8.0_281)
{"name":"Waldo","email":"Waldo@waldo.wa1"}

21:41:57.686 response time in milliseconds: 36.49
1 < 201
1 < Content-Type: application/json;charset=UTF-8
1 < Date: Mon, 12 Apr 2021 19:41:57 GMT
1 < Transfer-Encoding: chunked
{"email":"Waldo@waldo.wa1","name":"Waldo","id":"Waldo@waldo.wa1-0.11536358982628747","bookings":[]}

21:41:57.702 request:
1 > GET http://127.0.0.1:8900/user?id=Waldo%40waldo.wa1-0.11536358982628747
1 > Accept: application/json
1 > Accept-Encoding: gzip,deflate
1 > Connection: Keep-Alive
1 > Content-Type: application/json
1 > Host: 127.0.0.1:8900
1 > User-Agent: Apache-HttpClient/4.5.12 (Java/1.8.0_281)

21:41:57.722 response time in milliseconds: 17.09
1 < 200
1 < Content-Type: application/json;charset=UTF-8
1 < Date: Mon, 12 Apr 2021 19:41:57 GMT
1 < Transfer-Encoding: chunked
{"email":"Waldo@waldo.wa1","name":"Waldo","id":"Waldo@waldo.wa1-0.11536358982628747","bookings":[]}

21:41:57.724 [print] Waldo@waldo.wa1
21:41:57.725 [print] Waldo
21:41:57.725 [print] Waldo@waldo.wa1-0.11536358982628747
