20:37:24.429 skipping bootstrap configuration: could not find or read file: classpath:karate-config.js
20:37:26.060 request:
1 > GET http://127.0.0.1:8900/user/all
1 > Accept-Encoding: gzip,deflate
1 > Connection: Keep-Alive
1 > Host: 127.0.0.1:8900
1 > User-Agent: Apache-HttpClient/4.5.12 (Java/1.8.0_281)

20:37:26.115 response time in milliseconds: 53.98
1 < 200
1 < Content-Type: application/json;charset=UTF-8
1 < Date: Tue, 13 Apr 2021 18:37:26 GMT
1 < Transfer-Encoding: chunked
[{"email":"pepe@pepe.pe1","name":"pepe","id":"pepe@pepe.pe1-0.1","bookings":[]},{"email":"pepe@pepe.pe2","name":"pepe","id":"pepe@pepe.pe1-0.2","bookings":[]},{"email":"hr@hr.com","name":"freudo","id":"hr@hr.com-0.27869379980419573","bookings":[{"idBooking":"NYC-MAD-0.6024728182870936","idUser":"hr@hr.com-0.27869379980419573","origin":"NYC","destination":"MAD","date":"2021-05-30"}]}]

20:36:53.996 assertion failed: path: $, actual: [{"name":"pepe","id":"pepe@pepe.pe1-0.1","bookings":[],"email":"pepe@pepe.pe1"},{"name":"pepe","id":"pepe@pepe.pe1-0.2","bookings":[],"email":"pepe@pepe.pe2"},{"name":"freudo","id":"hr@hr.com-0.27869379980419573","bookings":[{"idUser":"hr@hr.com-0.27869379980419573","date":"2021-05-30","idBooking":"NYC-MAD-0.6024728182870936","origin":"NYC","destination":"MAD"}],"email":"hr@hr.com"}], expected: {email=#string, name=#string, id=#string, bookings=[{"idBooking":"#string","idUser":"#string","origin":"#string","destination":"#string","date":"#string"}]}, reason: actual value is not map-like
ail":"pepe@pepe.pe1","name":"pepe","id":"pepe@pepe.pe1-0.1","bookings":[]},{"email":"pepe@pepe.pe2","name":"pepe","id":"pepe@pepe.pe1-0.2","bookings":[]}]], additionalItems=false, items={id=#/items, anyOf=[{"id":"#\/items\/anyOf\/0","type":"object","title":"The first anyOf schema","description":"An explanation about the purpose of this instance.","default":{},"examples":[{"email":"pepe@pepe.pe1","name":"pepe","id":"pepe@pepe.pe1-0.1","bookings":[]}],"required":["email","name","id","bookings"],"properties":{"email":{"id":"#\/items\/anyOf\/0\/properties\/email","type":"string","title":"The email schema","description":"An explanation about the purpose of this instance.","default":"","examples":["pepe@pepe.pe1"]},"name":{"id":"#\/items\/anyOf\/0\/properties\/name","type":"string","title":"The name schema","description":"An explanation about the purpose of this instance.","default":"","examples":["pepe"]},"id":{"id":"#\/items\/anyOf\/0\/properties\/id","type":"string","title":"The id schema","description":"An explanation about the purpose of this instance.","default":"","examples":["pepe@pepe.pe1-0.1"]},"bookings":{"id":"#\/items\/anyOf\/0\/properties\/bookings","type":"array","title":"The bookings schema","description":"An explanation about the purpose of this instance.","default":[],"examples":[[]],"additionalItems":false,"items":{"id":"#\/items\/anyOf\/0\/properties\/bookings\/items"}}},"additionalProperties":true}]}}, reason: actual value is not map-like
me": {
            "id": "#/items/anyOf/0/properties/name",
            "type": "string",
            "title": "The name schema",
            "description": "An explanation about the purpose of this instance.",
            "default": "",
            "examples": [
              "pepe"
            ]
          },
          "id": {
            "id": "#/items/anyOf/0/properties/id",
            "type": "string",
            "title": "The id schema",
            "description": "An explanation about the purpose of this instance.",
            "default": "",
            "examples": [
              "pepe@pepe.pe1-0.1"
            ]
          },
          "bookings": {
            "id": "#/items/anyOf/0/properties/bookings",
            "type": "array",
            "title": "The bookings schema",
            "description": "An explanation about the purpose of this instance.",
            "default": [
            ],
            "examples": [
              [
              ]
            ],
            "additionalItems": false,
            "items": {
              "id": "#/items/anyOf/0/properties/bookings/items"
            }
          }
        },
        "additionalProperties": true
      }
    ]
  }
}

20:15:27.822 assertion failed: path: $, actual: [{"name":"pepe","id":"pepe@pepe.pe1-0.1","bookings":[],"email":"pepe@pepe.pe1"},{"name":"pepe","id":"pepe@pepe.pe1-0.2","bookings":[],"email":"pepe@pepe.pe2"},{"name":"freudo","id":"hr@hr.com-0.27869379980419573","bookings":[{"idUser":"hr@hr.com-0.27869379980419573","date":"2021-05-30","idBooking":"NYC-MAD-0.6024728182870936","origin":"NYC","destination":"MAD"}],"email":"hr@hr.com"}], expected: {$schema=http://json-schema.org/draft-04/schema, id=http://url.com, type=array, title=The root schema, description=The root schema comprises the entire JSON document., default=[], examples=[[{"email":"pepe@pepe.pe1","name":"pepe","id":"pepe@pepe.pe1-0.1","bookings":[]},{"email":"pepe@pepe.pe2","name":"pepe","id":"pepe@pepe.pe1-0.2","bookings":[]}]], additionalItems=false, items={id=#/items, anyOf=[{"id":"#\/items\/anyOf\/0","type":"object","title":"The first anyOf schema","description":"An explanation about the purpose of this instance.","default":{},"examples":[{"email":"pepe@pepe.pe1","name":"pepe","id":"pepe@pepe.pe1-0.1","bookings":[]}],"required":["email","name","id","bookings"],"properties":{"email":{"id":"#\/items\/anyOf\/0\/properties\/email","type":"string","title":"The email schema","description":"An explanation about the purpose of this instance.","default":"","examples":["pepe@pepe.pe1"]},"name":{"id":"#\/items\/anyOf\/0\/properties\/name","type":"string","title":"The name schema","description":"An explanation about the purpose of this instance.","default":"","examples":["pepe"]},"id":{"id":"#\/items\/anyOf\/0\/properties\/id","type":"string","title":"The id schema","description":"An explanation about the purpose of this instance.","default":"","examples":["pepe@pepe.pe1-0.1"]},"bookings":{"id":"#\/items\/anyOf\/0\/properties\/bookings","type":"array","title":"The bookings schema","description":"An explanation about the purpose of this instance.","default":[],"examples":[[]],"additionalItems":false,"items":{"id":"#\/items\/anyOf\/0\/properties\/bookings\/items"}}},"additionalProperties":true}]}}, reason: actual value is not map-like
ma","description":"An explanation about the purpose of this instance.","default":[],"examples":[[]],"additionalItems":true,"items":{"$id":"#\/items\/anyOf\/0\/properties\/bookings\/items"}}},"additionalProperties":true}]}}], reason: actual and expected arrays are not the same size - 3:1
"bookings":[]}

22:06:27.075 request:
1 > GET http://127.0.0.1:8900/user?id=Adalberto%40adalberto.ad1-0.992886333654344
1 > Accept-Encoding: gzip,deflate
1 > Connection: Keep-Alive
1 > Host: 127.0.0.1:8900
1 > User-Agent: Apache-HttpClient/4.5.12 (Java/1.8.0_281)

22:06:27.083 response time in milliseconds: 5.90
1 < 200
1 < Content-Type: application/json;charset=UTF-8
1 < Date: Mon, 12 Apr 2021 20:06:26 GMT
1 < Transfer-Encoding: chunked
{"email":"Adalberto@adalberto.ad1","name":"Adalberto","id":"Adalberto@adalberto.ad1-0.992886333654344","bookings":[]}

22:06:27.088 [print] Adalberto@adalberto.ad1
22:06:27.092 [print] Adalberto
22:06:27.092 [print] Adalberto@adalberto.ad1-0.992886333654344
": "pepe@pepe.pe1-0.1",
    "bookings": [
    ],
    "email": "pepe@pepe.pe1"
  },
  {
    "name": "pepe",
    "id": "pepe@pepe.pe1-0.2",
    "bookings": [
    ],
    "email": "pepe@pepe.pe2"
  },
  {
    "name": "Jaime",
    "id": "Jaime@jaime.ja1-0.5801834417773066",
    "bookings": [
    ],
    "email": "Jaime@jaime.ja1"
  },
  {
    "name": "Jimmie",
    "id": "Jimmie@jimmie.ji1-0.0762461796465903",
    "bookings": [
    ],
    "email": "Jimmie@jimmie.ji1"
  },
  {
    "name": "Fidel",
    "id": "Fidel@fidel.fi1-0.9563724159231748",
    "bookings": [
      {
        "idUser": "Fidel@fidel.fi1-0.9563724159231748",
        "date": "2021-05-25",
        "idBooking": "JFK-MAD-0.9286137622064207",
        "origin": "JFK",
        "destination": "MAD"
      },
      {
        "idUser": "Fidel@fidel.fi1-0.9563724159231748",
        "date": "2021-05-15",
        "idBooking": "MAD-JFK-0.4659572816720513",
        "origin": "MAD",
        "destination": "JFK"
      }
    ],
    "email": "Fidel@fidel.fi1"
  },
  {
    "name": "Elvera",
    "id": "Elvera@elvera.el1-0.662559217936996",
    "bookings": [
      {
        "idUser": "Elvera@elvera.el1-0.662559217936996",
        "date": "2021-05-15",
        "idBooking": "MAD-JFK-0.8149881238417543",
        "origin": "MAD",
        "destination": "JFK"
      },
      {
        "idUser": "Elvera@elvera.el1-0.662559217936996",
        "date": "2021-05-25",
        "idBooking": "JFK-MAD-0.948095316747056",
        "origin": "JFK",
        "destination": "MAD"
      }
    ],
    "email": "Elvera@elvera.el1"
  },
  {
    "name": "Antonio",
    "id": "Antonio@antonio.an1-0.6073057726696331",
    "bookings": [
    ],
    "email": "Antonio@antonio.an1"
  },
  {
    "name": "Ramiro",
    "id": "Ramiro@ramiro.ra1-0.9778002246068846",
    "bookings": [
    ],
    "email": "Ramiro@ramiro.ra1"
  },
  {
    "name": "German",
    "id": "german@karate.com-0.7989590221491606",
    "bookings": [
    ],
    "email": "german@karate.com"
  }
]

