21:41:57.164 skipping bootstrap configuration: could not find or read file: classpath:karate-config.js
21:41:57.248 request:
1 > GET http://127.0.0.1:8900/user?id=pepe%40pepe.pe1-0.1
1 > Accept: application/json
1 > Accept-Encoding: gzip,deflate
1 > Connection: Keep-Alive
1 > Content-Type: application/json
1 > Host: 127.0.0.1:8900
1 > User-Agent: Apache-HttpClient/4.5.12 (Java/1.8.0_281)

21:41:57.379 response time in milliseconds: 126.21
1 < 200
1 < Content-Type: application/json;charset=UTF-8
1 < Date: Mon, 12 Apr 2021 19:41:56 GMT
1 < Transfer-Encoding: chunked
{"email":"pepe@pepe.pe1","name":"pepe","id":"pepe@pepe.pe1-0.1","bookings":[]}

21:41:57.381 status code was: 200, expected: 404, response time: 126, url: http://127.0.0.1:8900/user?id=pepe%40pepe.pe1-0.1, response: {"name":"pepe","id":"pepe@pepe.pe1-0.1","bookings":[],"email":"pepe@pepe.pe1"}
21:41:57.390 skipping bootstrap configuration: could not find or read file: classpath:karate-config.js
21:41:57.419 request:
1 > GET http://127.0.0.1:8900/booking?id=aaa&date=2020-10-10
1 > Accept: application/json
1 > Accept-Encoding: gzip,deflate
1 > Connection: Keep-Alive
1 > Content-Type: application/json
1 > Host: 127.0.0.1:8900
1 > User-Agent: Apache-HttpClient/4.5.12 (Java/1.8.0_281)

21:41:57.493 response time in milliseconds: 68.84
1 < 200
1 < Content-Type: application/json;charset=UTF-8
1 < Date: Mon, 12 Apr 2021 19:41:56 GMT
1 < Transfer-Encoding: chunked
[]

21:41:57.494 [print] [
]

