21:48:58.541 skipping bootstrap configuration: could not find or read file: classpath:karate-config.js
21:49:00.119 request:
1 > POST http://127.0.0.1:8900/user
1 > Accept: application/json
1 > Accept-Encoding: gzip,deflate
1 > Connection: Keep-Alive
1 > Content-Length: 42
1 > Content-Type: application/json; charset=UTF-8
1 > Host: 127.0.0.1:8900
1 > User-Agent: Apache-HttpClient/4.5.12 (Java/1.8.0_281)
{"name":"Tyler","email":"Tyler@tyler.ty1"}

21:49:00.188 response time in milliseconds: 68.04
1 < 201
1 < Content-Type: application/json;charset=UTF-8
1 < Date: Mon, 12 Apr 2021 19:49:00 GMT
1 < Transfer-Encoding: chunked
{"email":"Tyler@tyler.ty1","name":"Tyler","id":"Tyler@tyler.ty1-0.8190513581698555","bookings":[]}

21:49:00.421 request:
1 > POST http://127.0.0.1:8900/booking
1 > Accept: application/json
1 > Accept-Encoding: gzip,deflate
1 > Connection: Keep-Alive
1 > Content-Length: 98
1 > Content-Type: application/json; charset=UTF-8
1 > Host: 127.0.0.1:8900
1 > User-Agent: Apache-HttpClient/4.5.12 (Java/1.8.0_281)
{"date":"2021-05-15","destination":"JFK","id":"Tyler@tyler.ty1-0.8190513581698555","origin":"MAD"}

21:49:00.447 response time in milliseconds: 19.34
1 < 201
1 < Content-Type: application/json;charset=UTF-8
1 < Date: Mon, 12 Apr 2021 19:49:00 GMT
1 < Transfer-Encoding: chunked
{"idBooking":"MAD-JFK-0.15616483587716146","idUser":"Tyler@tyler.ty1-0.8190513581698555","origin":"MAD","destination":"JFK","date":"2021-05-15"}

21:49:00.455 request:
2 > GET http://127.0.0.1:8900/booking?id=Tyler%40tyler.ty1-0.8190513581698555&date=
2 > Accept: application/json
2 > Accept-Encoding: gzip,deflate
2 > Connection: Keep-Alive
2 > Content-Type: application/json
2 > Host: 127.0.0.1:8900
2 > User-Agent: Apache-HttpClient/4.5.12 (Java/1.8.0_281)

21:49:00.469 response time in milliseconds: 9.95
2 < 200
2 < Content-Type: application/json;charset=UTF-8
2 < Date: Mon, 12 Apr 2021 19:49:00 GMT
2 < Transfer-Encoding: chunked
[{"idBooking":"MAD-JFK-0.15616483587716146","idUser":"Tyler@tyler.ty1-0.8190513581698555","origin":"MAD","destination":"JFK","date":"2021-05-15"}]

21:49:00.471 [print] [
  {
    "idUser": "Tyler@tyler.ty1-0.8190513581698555",
    "date": "2021-05-15",
    "idBooking": "MAD-JFK-0.15616483587716146",
    "origin": "MAD",
    "destination": "JFK"
  }
]

21:49:00.491 request:
1 > POST http://127.0.0.1:8900/booking
1 > Accept: application/json
1 > Accept-Encoding: gzip,deflate
1 > Connection: Keep-Alive
1 > Content-Length: 98
1 > Content-Type: application/json; charset=UTF-8
1 > Host: 127.0.0.1:8900
1 > User-Agent: Apache-HttpClient/4.5.12 (Java/1.8.0_281)
{"date":"2021-05-25","destination":"MAD","id":"Tyler@tyler.ty1-0.8190513581698555","origin":"JFK"}

21:49:00.507 response time in milliseconds: 12.18
1 < 201
1 < Content-Type: application/json;charset=UTF-8
1 < Date: Mon, 12 Apr 2021 19:49:00 GMT
1 < Transfer-Encoding: chunked
{"idBooking":"JFK-MAD-0.4988305596634559","idUser":"Tyler@tyler.ty1-0.8190513581698555","origin":"JFK","destination":"MAD","date":"2021-05-25"}

21:49:00.514 request:
2 > GET http://127.0.0.1:8900/booking?id=Tyler%40tyler.ty1-0.8190513581698555&date=
2 > Accept: application/json
2 > Accept-Encoding: gzip,deflate
2 > Connection: Keep-Alive
2 > Content-Type: application/json
2 > Host: 127.0.0.1:8900
2 > User-Agent: Apache-HttpClient/4.5.12 (Java/1.8.0_281)

21:49:00.524 response time in milliseconds: 8.60
2 < 200
2 < Content-Type: application/json;charset=UTF-8
2 < Date: Mon, 12 Apr 2021 19:49:00 GMT
2 < Transfer-Encoding: chunked
[{"idBooking":"MAD-JFK-0.15616483587716146","idUser":"Tyler@tyler.ty1-0.8190513581698555","origin":"MAD","destination":"JFK","date":"2021-05-15"},{"idBooking":"JFK-MAD-0.4988305596634559","idUser":"Tyler@tyler.ty1-0.8190513581698555","origin":"JFK","destination":"MAD","date":"2021-05-25"}]

21:49:00.525 [print] [
  {
    "idUser": "Tyler@tyler.ty1-0.8190513581698555",
    "date": "2021-05-15",
    "idBooking": "MAD-JFK-0.15616483587716146",
    "origin": "MAD",
    "destination": "JFK"
  },
  {
    "idUser": "Tyler@tyler.ty1-0.8190513581698555",
    "date": "2021-05-25",
    "idBooking": "JFK-MAD-0.4988305596634559",
    "origin": "JFK",
    "destination": "MAD"
  }
]

21:49:00.651 skipping bootstrap configuration: could not find or read file: classpath:karate-config.js
21:49:00.660 request:
1 > GET http://127.0.0.1:8900/user/all
1 > Accept-Encoding: gzip,deflate
1 > Connection: Keep-Alive
1 > Host: 127.0.0.1:8900
1 > User-Agent: Apache-HttpClient/4.5.12 (Java/1.8.0_281)

21:49:00.678 response time in milliseconds: 15.72
1 < 200
1 < Content-Type: application/json;charset=UTF-8
1 < Date: Mon, 12 Apr 2021 19:49:00 GMT
1 < Transfer-Encoding: chunked
[{"email":"pepe@pepe.pe1","name":"pepe","id":"pepe@pepe.pe1-0.1","bookings":[]},{"email":"pepe@pepe.pe2","name":"pepe","id":"pepe@pepe.pe1-0.2","bookings":[]},{"email":"Jaime@jaime.ja1","name":"Jaime","id":"Jaime@jaime.ja1-0.5801834417773066","bookings":[]},{"email":"Jimmie@jimmie.ji1","name":"Jimmie","id":"Jimmie@jimmie.ji1-0.0762461796465903","bookings":[]},{"email":"Fidel@fidel.fi1","name":"Fidel","id":"Fidel@fidel.fi1-0.9563724159231748","bookings":[{"idBooking":"JFK-MAD-0.9286137622064207","idUser":"Fidel@fidel.fi1-0.9563724159231748","origin":"JFK","destination":"MAD","date":"2021-05-25"},{"idBooking":"MAD-JFK-0.4659572816720513","idUser":"Fidel@fidel.fi1-0.9563724159231748","origin":"MAD","destination":"JFK","date":"2021-05-15"}]},{"email":"Elvera@elvera.el1","name":"Elvera","id":"Elvera@elvera.el1-0.662559217936996","bookings":[{"idBooking":"MAD-JFK-0.8149881238417543","idUser":"Elvera@elvera.el1-0.662559217936996","origin":"MAD","destination":"JFK","date":"2021-05-15"},{"idBooking":"JFK-MAD-0.948095316747056","idUser":"Elvera@elvera.el1-0.662559217936996","origin":"JFK","destination":"MAD","date":"2021-05-25"}]},{"email":"Antonio@antonio.an1","name":"Antonio","id":"Antonio@antonio.an1-0.6073057726696331","bookings":[]},{"email":"Ramiro@ramiro.ra1","name":"Ramiro","id":"Ramiro@ramiro.ra1-0.9778002246068846","bookings":[]},{"email":"german@karate.com","name":"German","id":"german@karate.com-0.7989590221491606","bookings":[]},{"email":"Waldo@waldo.wa1","name":"Waldo","id":"Waldo@waldo.wa1-0.11536358982628747","bookings":[]},{"email":"Tyler@tyler.ty1","name":"Tyler","id":"Tyler@tyler.ty1-0.8190513581698555","bookings":[{"idBooking":"MAD-JFK-0.15616483587716146","idUser":"Tyler@tyler.ty1-0.8190513581698555","origin":"MAD","destination":"JFK","date":"2021-05-15"},{"idBooking":"JFK-MAD-0.4988305596634559","idUser":"Tyler@tyler.ty1-0.8190513581698555","origin":"JFK","destination":"MAD","date":"2021-05-25"}]}]

21:49:00.681 [print] [
  {
    "name": "pepe",
    "id": "pepe@pepe.pe1-0.1",
    "bookings": [
    ],
    "email": "pepe@pepe.pe1"
  },
  {
    "name": "pepe",
    "id": "pepe@pepe.pe1-0.2",
    "bookings": [
    ],
    "email": "pepe@pepe.pe2"
  },
  {
    "name": "Jaime",
    "id": "Jaime@jaime.ja1-0.5801834417773066",
    "bookings": [
    ],
    "email": "Jaime@jaime.ja1"
  },
  {
    "name": "Jimmie",
    "id": "Jimmie@jimmie.ji1-0.0762461796465903",
    "bookings": [
    ],
    "email": "Jimmie@jimmie.ji1"
  },
  {
    "name": "Fidel",
    "id": "Fidel@fidel.fi1-0.9563724159231748",
    "bookings": [
      {
        "idUser": "Fidel@fidel.fi1-0.9563724159231748",
        "date": "2021-05-25",
        "idBooking": "JFK-MAD-0.9286137622064207",
        "origin": "JFK",
        "destination": "MAD"
      },
      {
        "idUser": "Fidel@fidel.fi1-0.9563724159231748",
        "date": "2021-05-15",
        "idBooking": "MAD-JFK-0.4659572816720513",
        "origin": "MAD",
        "destination": "JFK"
      }
    ],
    "email": "Fidel@fidel.fi1"
  },
  {
    "name": "Elvera",
    "id": "Elvera@elvera.el1-0.662559217936996",
    "bookings": [
      {
        "idUser": "Elvera@elvera.el1-0.662559217936996",
        "date": "2021-05-15",
        "idBooking": "MAD-JFK-0.8149881238417543",
        "origin": "MAD",
        "destination": "JFK"
      },
      {
        "idUser": "Elvera@elvera.el1-0.662559217936996",
        "date": "2021-05-25",
        "idBooking": "JFK-MAD-0.948095316747056",
        "origin": "JFK",
        "destination": "MAD"
      }
    ],
    "email": "Elvera@elvera.el1"
  },
  {
    "name": "Antonio",
    "id": "Antonio@antonio.an1-0.6073057726696331",
    "bookings": [
    ],
    "email": "Antonio@antonio.an1"
  },
  {
    "name": "Ramiro",
    "id": "Ramiro@ramiro.ra1-0.9778002246068846",
    "bookings": [
    ],
    "email": "Ramiro@ramiro.ra1"
  },
  {
    "name": "German",
    "id": "german@karate.com-0.7989590221491606",
    "bookings": [
    ],
    "email": "german@karate.com"
  },
  {
    "name": "Waldo",
    "id": "Waldo@waldo.wa1-0.11536358982628747",
    "bookings": [
    ],
    "email": "Waldo@waldo.wa1"
  },
  {
    "name": "Tyler",
    "id": "Tyler@tyler.ty1-0.8190513581698555",
    "bookings": [
      {
        "idUser": "Tyler@tyler.ty1-0.8190513581698555",
        "date": "2021-05-15",
        "idBooking": "MAD-JFK-0.15616483587716146",
        "origin": "MAD",
        "destination": "JFK"
      },
      {
        "idUser": "Tyler@tyler.ty1-0.8190513581698555",
        "date": "2021-05-25",
        "idBooking": "JFK-MAD-0.4988305596634559",
        "origin": "JFK",
        "destination": "MAD"
      }
    ],
    "email": "Tyler@tyler.ty1"
  }
]

21:49:00.692 skipping bootstrap configuration: could not find or read file: classpath:karate-config.js
21:49:00.871 request:
1 > POST http://127.0.0.1:8900/user
1 > Accept: application/json
1 > Accept-Encoding: gzip,deflate
1 > Connection: Keep-Alive
1 > Content-Length: 48
1 > Content-Type: application/json; charset=UTF-8
1 > Host: 127.0.0.1:8900
1 > User-Agent: Apache-HttpClient/4.5.12 (Java/1.8.0_281)
{"name":"Barbara","email":"Barbara@barbara.ba1"}

21:49:00.884 response time in milliseconds: 11.27
1 < 201
1 < Content-Type: application/json;charset=UTF-8
1 < Date: Mon, 12 Apr 2021 19:49:00 GMT
1 < Transfer-Encoding: chunked
{"email":"Barbara@barbara.ba1","name":"Barbara","id":"Barbara@barbara.ba1-0.8485296093890101","bookings":[]}

21:49:00.895 request:
1 > GET http://127.0.0.1:8900/user?id=Barbara%40barbara.ba1-0.8485296093890101
1 > Accept: application/json
1 > Accept-Encoding: gzip,deflate
1 > Connection: Keep-Alive
1 > Content-Type: application/json
1 > Host: 127.0.0.1:8900
1 > User-Agent: Apache-HttpClient/4.5.12 (Java/1.8.0_281)

21:49:00.907 response time in milliseconds: 8.66
1 < 200
1 < Content-Type: application/json;charset=UTF-8
1 < Date: Mon, 12 Apr 2021 19:49:00 GMT
1 < Transfer-Encoding: chunked
{"email":"Barbara@barbara.ba1","name":"Barbara","id":"Barbara@barbara.ba1-0.8485296093890101","bookings":[]}

21:49:00.912 [print] Barbara@barbara.ba1
21:49:00.917 [print] Barbara
21:49:00.917 [print] Barbara@barbara.ba1-0.8485296093890101
> Content-Type: application/json
2 > Host: 127.0.0.1:8900
2 > User-Agent: Apache-HttpClient/4.5.12 (Java/1.8.0_281)

13:46:55.588 response time in milliseconds: 13.41
2 < 200
2 < Content-Type: application/json;charset=UTF-8
2 < Date: Sun, 11 Apr 2021 11:46:55 GMT
2 < Transfer-Encoding: chunked
{"email":"Rosio@ryan.com","name":"Rosio","id":"Rosio@ryan.com-0.6076583270573277","bookings":[]}

m","name":" Jose","id":"zzz@west.com-0.3503144103775321","bookings":[]},{"email":"hr@hr.com","name":"freudo","id":"hr@hr.com-0.47154247182988374","bookings":[]},{"email":"hr@hr.com","name":"freudo","id":"hr@hr.com-0.16508931997289267","bookings":[]},{"email":"Dalton@ryan.com","name":"Dalton","id":"Dalton@ryan.com-0.0401402518716617","bookings":[]},{"email":"Pearle@ryan.com","name":"Pearle","id":"Pearle@ryan.com-0.6816564904297165","bookings":[]},{"email":"Christian@ryan.com","name":"Christian","id":"Christian@ryan.com-0.07560938357969138","bookings":[]},{"email":"Rosanna@ryan.com","name":"Rosanna","id":"Rosanna@ryan.com-0.051636582170964784","bookings":[]},{"email":"Nancee@ryan.com","name":"Nancee","id":"Nancee@ryan.com-0.4033839037255841","bookings":[]},{"email":"Nieves@ryan.com","name":"Nieves","id":"Nieves@ryan.com-0.7842659483238226","bookings":[]},{"email":"Jody@ryan.com","name":"Jody","id":"Jody@ryan.com-0.92824579166803","bookings":[]},{"email":"Maris@ryan.com","name":"Maris","id":"Maris@ryan.com-0.3132660192930149","bookings":[]},{"email":"Darlena@ryan.com","name":"Darlena","id":"Darlena@ryan.com-0.28473826427526583","bookings":[]},{"email":"Courtney@ryan.com","name":"Courtney","id":"Courtney@ryan.com-0.40105677313186916","bookings":[]},{"email":"Imelda@ryan.com","name":"Imelda","id":"Imelda@ryan.com-0.6029453823322558","bookings":[]},{"email":"Wanetta@ryan.com","name":"Wanetta","id":"Wanetta@ryan.com-0.3380550139002676","bookings":[]},{"email":"Priscilla@ryan.com","name":"Priscilla","id":"Priscilla@ryan.com-0.26946211686252397","bookings":[]},{"email":"Nina@ryan.com","name":"Nina","id":"Nina@ryan.com-0.16781278266446187","bookings":[]},{"email":"Tamekia@ryan.com","name":"Tamekia","id":"Tamekia@ryan.com-0.14587122138940523","bookings":[]},{"email":"Thelma@ryan.com","name":"Thelma","id":"Thelma@ryan.com-0.5121386222985658","bookings":[]},{"email":"Kendal@ryan.com","name":"Kendal","id":"Kendal@ryan.com-0.8350080428931187","bookings":[]},{"email":"Kallie@ryan.com","name":"Kallie","id":"Kallie@ryan.com-0.5944567667598856","bookings":[]},{"email":"Abe@ryan.com","name":"Abe","id":"Abe@ryan.com-0.845643167437182","bookings":[]},{"email":"Brock@ryan.com","name":"Brock","id":"Brock@ryan.com-0.8904744158740834","bookings":[]},{"email":"Kittie@ryan.com","name":"Kittie","id":"Kittie@ryan.com-0.6264864732325319","bookings":[]},{"email":"Mignon@ryan.com","name":"Mignon","id":"Mignon@ryan.com-0.36434423169314045","bookings":[]},{"email":"Ronald@ryan.com","name":"Ronald","id":"Ronald@ryan.com-0.5387783605050133","bookings":[]},{"email":"Jackson@ryan.com","name":"Jackson","id":"Jackson@ryan.com-0.3831567215200101","bookings":[]},{"email":"Chia@ryan.com","name":"Chia","id":"Chia@ryan.com-0.6719729793742886","bookings":[]},{"email":"Naoma@ryan.com","name":"Naoma","id":"Naoma@ryan.com-0.3156260931504663","bookings":[]},{"email":"Rueben@ryan.com","name":"Rueben","id":"Rueben@ryan.com-0.6285496068090973","bookings":[]},{"email":"Forest@ryan.com","name":"Forest","id":"Forest@ryan.com-0.20071946922507533","bookings":[]},{"email":"Sharika@ryan.com","name":"Sharika","id":"Sharika@ryan.com-0.8018493641205655","bookings":[]},{"email":"Amira@ryan.com","name":"Amira","id":"Amira@ryan.com-0.17282576946053174","bookings":[]},{"email":"Leif@ryan.com","name":"Leif","id":"Leif@ryan.com-0.42569086228176467","bookings":[]}]

: "Darlena",
    "id": "Darlena@ryan.com-0.28473826427526583",
    "bookings": [
    ],
    "email": "Darlena@ryan.com"
  },
  {
    "name": "Courtney",
    "id": "Courtney@ryan.com-0.40105677313186916",
    "bookings": [
    ],
    "email": "Courtney@ryan.com"
  },
  {
    "name": "Imelda",
    "id": "Imelda@ryan.com-0.6029453823322558",
    "bookings": [
    ],
    "email": "Imelda@ryan.com"
  },
  {
    "name": "Wanetta",
    "id": "Wanetta@ryan.com-0.3380550139002676",
    "bookings": [
    ],
    "email": "Wanetta@ryan.com"
  },
  {
    "name": "Priscilla",
    "id": "Priscilla@ryan.com-0.26946211686252397",
    "bookings": [
    ],
    "email": "Priscilla@ryan.com"
  },
  {
    "name": "Nina",
    "id": "Nina@ryan.com-0.16781278266446187",
    "bookings": [
    ],
    "email": "Nina@ryan.com"
  },
  {
    "name": "Tamekia",
    "id": "Tamekia@ryan.com-0.14587122138940523",
    "bookings": [
    ],
    "email": "Tamekia@ryan.com"
  },
  {
    "name": "Thelma",
    "id": "Thelma@ryan.com-0.5121386222985658",
    "bookings": [
    ],
    "email": "Thelma@ryan.com"
  },
  {
    "name": "Kendal",
    "id": "Kendal@ryan.com-0.8350080428931187",
    "bookings": [
    ],
    "email": "Kendal@ryan.com"
  },
  {
    "name": "Kallie",
    "id": "Kallie@ryan.com-0.5944567667598856",
    "bookings": [
    ],
    "email": "Kallie@ryan.com"
  },
  {
    "name": "Abe",
    "id": "Abe@ryan.com-0.845643167437182",
    "bookings": [
    ],
    "email": "Abe@ryan.com"
  },
  {
    "name": "Brock",
    "id": "Brock@ryan.com-0.8904744158740834",
    "bookings": [
    ],
    "email": "Brock@ryan.com"
  },
  {
    "name": "Kittie",
    "id": "Kittie@ryan.com-0.6264864732325319",
    "bookings": [
    ],
    "email": "Kittie@ryan.com"
  },
  {
    "name": "Mignon",
    "id": "Mignon@ryan.com-0.36434423169314045",
    "bookings": [
    ],
    "email": "Mignon@ryan.com"
  },
  {
    "name": "Ronald",
    "id": "Ronald@ryan.com-0.5387783605050133",
    "bookings": [
    ],
    "email": "Ronald@ryan.com"
  },
  {
    "name": "Jackson",
    "id": "Jackson@ryan.com-0.3831567215200101",
    "bookings": [
    ],
    "email": "Jackson@ryan.com"
  },
  {
    "name": "Chia",
    "id": "Chia@ryan.com-0.6719729793742886",
    "bookings": [
    ],
    "email": "Chia@ryan.com"
  }
]

