17:25:15.199 skipping bootstrap configuration: could not find or read file: classpath:karate-config.js
11:38:36.836 request:
1 > POST http://127.0.0.1:8900/user
1 > Accept: application/json
1 > Accept-Encoding: gzip,deflate
1 > Connection: Keep-Alive
1 > Content-Length: 45
1 > Content-Type: application/json; charset=UTF-8
1 > Host: 127.0.0.1:8900
1 > User-Agent: Apache-HttpClient/4.5.12 (Java/1.8.0_281)
{"name":"Elwood","email":"Elwood@elwood.el1"}

11:38:36.891 response time in milliseconds: 53.53
1 < 201
1 < Content-Type: application/json;charset=UTF-8
1 < Date: Tue, 13 Apr 2021 09:38:36 GMT
1 < Transfer-Encoding: chunked
{"email":"Elwood@elwood.el1","name":"Elwood","id":"Elwood@elwood.el1-0.5027496180623726","bookings":[]}

11:38:36.949 [print] new customdata.csv file created under project
11:38:36.953 [print] ****************________________________***********************
11:38:36.961 [print]
 [print]
